#
# A fatal error has been detected by the Java Runtime Environment:
#
#  EXCEPTION_ACCESS_VIOLATION (0xc0000005) at pc=0x643f3f4f, pid=5520, tid=0x0000349c
#
# JRE version: Java(TM) SE Runtime Environment (8.0_181-b13) (build 1.8.0_181-b13)
# Java VM: Java HotSpot(TM) Client VM (25.181-b13 mixed mode windows-x86 )
# Problematic frame:
# V  [jvm.dll+0xb3f4f]
#
# Failed to write core dump. Minidumps are not enabled by default on client versions of Windows
#
# If you would like to submit a bug report, please visit:
#   http://bugreport.java.com/bugreport/crash.jsp
#

---------------  T H R E A D  ---------------

Current thread (0x02cbe400):  VMThread [stack: 0x15460000,0x154b0000] [id=13468]

siginfo: ExceptionCode=0xc0000005, reading address 0x676e06ea

Registers:
EAX=0x000000f0, EBX=0x1503a875, ECX=0x1503a910, EDX=0x02cbdef0
ESP=0x154afa40, EBP=0x154afa50, ESI=0x154afa84, EDI=0x03020302
EIP=0x643f3f4f, EFLAGS=0x00010212

Top of Stack: (sp=0x154afa40)
0x154afa40:   1503a910 00000004 00000036 000000f0
0x154afa50:   154afab8 644747a6 1503a910 00000002
0x154afa60:   00000002 1503b6a8 02cbe400 0000004b
0x154afa70:   0000004d 00000070 00000036 64490000
0x154afa80:   00000036 1503a910 02cbe400 0000004d
0x154afa90:   0000004d 00000070 00000036 02c30000
0x154afaa0:   00000036 1503ab90 00000001 00000001
0x154afab0:   1503aba0 000b0009 154afafc 64467543 

Instructions: (pc=0x643f3f4f)
0x643f3f2f:   8b d8 0f b6 03 3d ca 00 00 00 75 0a 53 51 e8 6e
0x643f3f3f:   66 fc ff 83 c4 08 8b 3c 85 38 00 6c 64 89 45 fc
0x643f3f4f:   0f b6 87 e8 03 6c 64 83 e0 0f 75 32 0f b6 03 8b
0x643f3f5f:   0e 3d ca 00 00 00 75 0a 53 51 e8 42 66 fc ff 83 


Register to memory mapping:

EAX=0x000000f0 is an unknown value
EBX=0x1503a875 is pointing into metadata
ECX={method} {0x1503a914} 'wordgenerateForward' '(Ljava/lang/String;)Ljava/lang/String;' in 'important/WordGeneratorFromAGivenWord'
EDX=0x02cbdef0 is an unknown value
ESP=0x154afa40 is an unknown value
EBP=0x154afa50 is an unknown value
ESI=0x154afa84 is an unknown value
EDI=0x03020302 is an unknown value


Stack: [0x15460000,0x154b0000],  sp=0x154afa40,  free space=318k
Native frames: (J=compiled Java code, j=interpreted, Vv=VM code, C=native code)
V  [jvm.dll+0xb3f4f]
V  [jvm.dll+0x1347a6]
V  [jvm.dll+0x127543]
V  [jvm.dll+0x12b16b]
V  [jvm.dll+0x12b639]
V  [jvm.dll+0x184b5b]
V  [jvm.dll+0x183f71]
V  [jvm.dll+0x184387]
V  [jvm.dll+0x184582]
V  [jvm.dll+0x1c5416]
C  [msvcr100.dll+0x5c556]
C  [msvcr100.dll+0x5c600]
C  [KERNEL32.DLL+0x16359]
C  [ntdll.dll+0x67b74]
C  [ntdll.dll+0x67b44]

VM_Operation (0x15bbf624): RedefineClasses, mode: safepoint, requested by thread 0x1529c800, redefining class important.WordGeneratorFromAGivenWord



---------------  P R O C E S S  ---------------

Java Threads: ( => current thread )
  0x152cd800 JavaThread "Service Thread" daemon [_thread_blocked, id=10188, stack(0x15db0000,0x15e00000)]
  0x152aac00 JavaThread "C1 CompilerThread0" daemon [_thread_blocked, id=10192, stack(0x15d20000,0x15d70000)]
  0x152a3c00 JavaThread "JDWP Command Reader" daemon [_thread_in_native, id=10396, stack(0x15c90000,0x15ce0000)]
  0x1529f000 JavaThread "JDWP Event Helper Thread" daemon [_thread_blocked, id=10476, stack(0x15c00000,0x15c50000)]
  0x1529c800 JavaThread "JDWP Transport Listener: dt_socket" daemon [_thread_blocked, id=10212, stack(0x15b70000,0x15bc0000)]
  0x1528f000 JavaThread "Attach Listener" daemon [_thread_blocked, id=9740, stack(0x157a0000,0x157f0000)]
  0x1528d000 JavaThread "Signal Dispatcher" daemon [_thread_blocked, id=10200, stack(0x15710000,0x15760000)]
  0x1527bc00 JavaThread "Finalizer" daemon [_thread_blocked, id=10204, stack(0x15580000,0x155d0000)]
  0x15266000 JavaThread "Reference Handler" daemon [_thread_blocked, id=10208, stack(0x154f0000,0x15540000)]
  0x02abcc00 JavaThread "main" [_thread_blocked, id=14832, stack(0x02a30000,0x02a80000)]

Other Threads:
=>0x02cbe400 VMThread [stack: 0x15460000,0x154b0000] [id=13468]
  0x152bc400 WatcherThread [stack: 0x15e40000,0x15e90000] [id=10180]

VM state:at safepoint (normal execution)

VM Mutex/Monitor currently owned by a thread:  ([mutex/lock_event])
[0x02abb090] Threads_lock - owner thread: 0x02cbe400

Heap:
 def new generation   total 4928K, used 530K [0x04e00000, 0x05350000, 0x0a350000)
  eden space 4416K,  12% used [0x04e00000, 0x04e84908, 0x05250000)
  from space 512K,   0% used [0x05250000, 0x05250000, 0x052d0000)
  to   space 512K,   0% used [0x052d0000, 0x052d0000, 0x05350000)
 tenured generation   total 10944K, used 0K [0x0a350000, 0x0ae00000, 0x14e00000)
   the space 10944K,   0% used [0x0a350000, 0x0a350000, 0x0a350200, 0x0ae00000)
 Metaspace       used 1759K, capacity 2312K, committed 2368K, reserved 4480K

Card table byte_map: [0x04cc0000,0x04d50000] byte_map_base: 0x04c99000

Polling page: 0x02a80000

CodeCache: size=32768Kb used=667Kb max_used=667Kb free=32100Kb
 bounds [0x02cc0000, 0x02d68000, 0x04cc0000]
 total_blobs=143 nmethods=14 adapters=69
 compilation: enabled

Compilation events (10 events):
Event: 0.305 Thread 0x152aac00   10             java.lang.Character::toLowerCase (9 bytes)
Event: 0.305 Thread 0x152aac00 nmethod 10 0x02d65a88 code [0x02d65b90, 0x02d65c38]
Event: 0.305 Thread 0x152aac00   11             java.lang.CharacterDataLatin1::toLowerCase (39 bytes)
Event: 0.305 Thread 0x152aac00 nmethod 11 0x02d65cc8 code [0x02d65dc0, 0x02d65ea0]
Event: 0.305 Thread 0x152aac00   12             java.lang.AbstractStringBuilder::ensureCapacityInternal (27 bytes)
Event: 0.305 Thread 0x152aac00 nmethod 12 0x02d65f88 code [0x02d660a0, 0x02d66268]
Event: 0.305 Thread 0x152aac00   13             java.lang.AbstractStringBuilder::append (29 bytes)
Event: 0.306 Thread 0x152aac00 nmethod 13 0x02d66388 code [0x02d664a0, 0x02d666a8]
Event: 0.306 Thread 0x152aac00   14             java.lang.String::indexOf (166 bytes)
Event: 0.306 Thread 0x152aac00 nmethod 14 0x02d66848 code [0x02d66960, 0x02d66bb0]

GC Heap History (0 events):
No events

Deoptimization events (0 events):
No events

Classes redefined (10 events):
Event: 312.239 Thread 0x02cbe400 redefined class name=important.WordGeneratorFromAGivenWord, count=3
Event: 443.819 Thread 0x02cbe400 redefined class name=important.WordGeneratorFromAGivenWord, count=4
Event: 461.408 Thread 0x02cbe400 redefined class name=important.WordGeneratorFromAGivenWord, count=5
Event: 470.508 Thread 0x02cbe400 redefined class name=important.WordGeneratorFromAGivenWord, count=6
Event: 555.087 Thread 0x02cbe400 redefined class name=important.WordGeneratorFromAGivenWord, count=7
Event: 570.263 Thread 0x02cbe400 redefined class name=important.WordGeneratorFromAGivenWord, count=8
Event: 1349.681 Thread 0x02cbe400 redefined class name=important.WordGeneratorFromAGivenWord, count=9
Event: 1413.873 Thread 0x02cbe400 redefined class name=important.WordGeneratorFromAGivenWord, count=10
Event: 1692.660 Thread 0x02cbe400 redefined class name=important.WordGeneratorFromAGivenWord, count=11
Event: 1828.088 Thread 0x02cbe400 redefined class name=important.WordGeneratorFromAGivenWord, count=12

Internal exceptions (2 events):
Event: 0.079 Thread 0x02abcc00 Exception <a 'java/lang/NoSuchMethodError': Method sun.misc.Unsafe.defineClass(Ljava/lang/String;[BII)Ljava/lang/Class; name or signature does not match> (0x04e06ea8) thrown at [C:\workspace\8-2-build-windows-i586-cygwin\jdk8u181\11358\hotspot\src\share\v
Event: 0.079 Thread 0x02abcc00 Exception <a 'java/lang/NoSuchMethodError': Method sun.misc.Unsafe.prefetchRead(Ljava/lang/Object;J)V name or signature does not match> (0x04e07178) thrown at [C:\workspace\8-2-build-windows-i586-cygwin\jdk8u181\11358\hotspot\src\share\vm\prims\jni.cpp, l

Events (10 events):
Event: 1692.675 Executing VM operation: ChangeBreakpoints done
Event: 1828.088 Executing VM operation: RedefineClasses
Event: 1828.088 Executing VM operation: RedefineClasses done
Event: 1828.092 Executing VM operation: ChangeBreakpoints
Event: 1828.092 Executing VM operation: ChangeBreakpoints done
Event: 1828.097 Executing VM operation: ChangeBreakpoints
Event: 1828.098 Executing VM operation: ChangeBreakpoints done
Event: 1828.116 Executing VM operation: ChangeBreakpoints
Event: 1828.116 Executing VM operation: ChangeBreakpoints done
Event: 3091.924 Executing VM operation: RedefineClasses


Dynamic libraries:
0x00c80000 - 0x00cb3000 	C:\Program Files (x86)\Provar2.0.3.09\jre\bin\javaw.exe
0x77b60000 - 0x77cfa000 	C:\WINDOWS\SYSTEM32\ntdll.dll
0x758f0000 - 0x759d0000 	C:\WINDOWS\System32\KERNEL32.DLL
0x773c0000 - 0x775be000 	C:\WINDOWS\System32\KERNELBASE.dll
0x75a60000 - 0x75ad9000 	C:\WINDOWS\System32\ADVAPI32.dll
0x77a90000 - 0x77b4f000 	C:\WINDOWS\System32\msvcrt.dll
0x77730000 - 0x777a6000 	C:\WINDOWS\System32\sechost.dll
0x77280000 - 0x7733b000 	C:\WINDOWS\System32\RPCRT4.dll
0x75330000 - 0x75350000 	C:\WINDOWS\System32\SspiCli.dll
0x75320000 - 0x7532a000 	C:\WINDOWS\System32\CRYPTBASE.dll
0x75380000 - 0x753df000 	C:\WINDOWS\System32\bcryptPrimitives.dll
0x770a0000 - 0x77237000 	C:\WINDOWS\System32\USER32.dll
0x76520000 - 0x76537000 	C:\WINDOWS\System32\win32u.dll
0x758c0000 - 0x758e1000 	C:\WINDOWS\System32\GDI32.dll
0x754b0000 - 0x7560a000 	C:\WINDOWS\System32\gdi32full.dll
0x75790000 - 0x7580c000 	C:\WINDOWS\System32\msvcp_win.dll
0x75620000 - 0x7573f000 	C:\WINDOWS\System32\ucrtbase.dll
0x65340000 - 0x6554f000 	C:\WINDOWS\WinSxS\x86_microsoft.windows.common-controls_6595b64144ccf1df_6.0.18362.720_none_2e6bec9c2790ac71\COMCTL32.dll
0x76210000 - 0x76485000 	C:\WINDOWS\System32\combase.dll
0x75350000 - 0x75375000 	C:\WINDOWS\System32\IMM32.DLL
0x59150000 - 0x5920f000 	C:\Program Files (x86)\Provar2.0.3.09\jre\bin\msvcr100.dll
0x64340000 - 0x64713000 	C:\Program Files (x86)\Provar2.0.3.09\jre\bin\client\jvm.dll
0x77350000 - 0x77356000 	C:\WINDOWS\System32\PSAPI.DLL
0x6ea90000 - 0x6ea98000 	C:\WINDOWS\SYSTEM32\WSOCK32.dll
0x73fb0000 - 0x73fd4000 	C:\WINDOWS\SYSTEM32\WINMM.dll
0x760b0000 - 0x7610e000 	C:\WINDOWS\System32\WS2_32.dll
0x73f60000 - 0x73f83000 	C:\WINDOWS\SYSTEM32\WINMMBASE.dll
0x75a20000 - 0x75a5b000 	C:\WINDOWS\System32\cfgmgr32.dll
0x75220000 - 0x75228000 	C:\WINDOWS\SYSTEM32\VERSION.dll
0x64b00000 - 0x64b0c000 	C:\Program Files (x86)\Provar2.0.3.09\jre\bin\verify.dll
0x64980000 - 0x649a2000 	C:\Program Files (x86)\Provar2.0.3.09\jre\bin\java.dll
0x59120000 - 0x5914b000 	C:\Program Files (x86)\Provar2.0.3.09\jre\bin\jdwp.dll
0x59430000 - 0x59437000 	C:\Program Files (x86)\Provar2.0.3.09\jre\bin\npt.dll
0x648a0000 - 0x648b4000 	C:\Program Files (x86)\Provar2.0.3.09\jre\bin\zip.dll
0x765a0000 - 0x76b1a000 	C:\WINDOWS\System32\SHELL32.dll
0x777b0000 - 0x77834000 	C:\WINDOWS\System32\shcore.dll
0x75ae0000 - 0x760a5000 	C:\WINDOWS\System32\windows.storage.dll
0x77260000 - 0x7727b000 	C:\WINDOWS\System32\profapi.dll
0x753e0000 - 0x75423000 	C:\WINDOWS\System32\powrprof.dll
0x76c30000 - 0x76c3d000 	C:\WINDOWS\System32\UMPDC.dll
0x75740000 - 0x75784000 	C:\WINDOWS\System32\shlwapi.dll
0x77840000 - 0x7784f000 	C:\WINDOWS\System32\kernel.appcore.dll
0x77a50000 - 0x77a63000 	C:\WINDOWS\System32\cryptsp.dll
0x59110000 - 0x59118000 	C:\Program Files (x86)\Provar2.0.3.09\jre\bin\dt_socket.dll
0x594e0000 - 0x594f1000 	C:\WINDOWS\system32\napinsp.dll
0x594c0000 - 0x594d6000 	C:\WINDOWS\system32\pnrpnsp.dll
0x594b0000 - 0x594c0000 	C:\WINDOWS\system32\wshbth.dll
0x59490000 - 0x594a6000 	C:\WINDOWS\system32\NLAapi.dll
0x73fe0000 - 0x74012000 	C:\WINDOWS\SYSTEM32\IPHLPAPI.DLL
0x6f330000 - 0x6f382000 	C:\WINDOWS\System32\mswsock.dll
0x74020000 - 0x740b1000 	C:\WINDOWS\SYSTEM32\DNSAPI.dll
0x75610000 - 0x75617000 	C:\WINDOWS\System32\NSI.dll
0x59480000 - 0x5948b000 	C:\WINDOWS\System32\winrnr.dll
0x65ca0000 - 0x65cf1000 	C:\WINDOWS\System32\fwpuclnt.dll
0x77a70000 - 0x77a89000 	C:\WINDOWS\System32\bcrypt.dll
0x6f320000 - 0x6f328000 	C:\Windows\System32\rasadhlp.dll
0x6f8f0000 - 0x6fa7f000 	C:\WINDOWS\SYSTEM32\dbghelp.dll

VM Arguments:
jvm_args: -agentlib:jdwp=transport=dt_socket,suspend=y,address=localhost:50111 -Dfile.encoding=Cp1252 
java_command: important.WordGeneratorFromAGivenWord
java_class_path (initial): C:\Programs\progt\bin
Launcher Type: SUN_STANDARD

Environment Variables:
JAVA_HOME=C:\Program Files (x86)\Provar2.0.3.09\jre
PATH=C:/Program Files (x86)/Provar2.0.3.09/jre/bin/client;C:/Program Files (x86)/Provar2.0.3.09/jre/bin;C:/Program Files (x86)/Provar2.0.3.09/jre/lib/i386;C:\Users\neha.tiwari\Downloads\apache-ant-1.9.14-bin\apache-ant-1.9.14\bin;C:\Program Files\nodejs\;C:\Program Files (x86)\Yarn\bin\;C:\Windows\System32;C:\Users\neha.tiwari\AppData\Local\Microsoft\WindowsApps;C:\Program Files (x86)\Provar2.0.3.09\jre\bin;D:\Salesforce CLI\bin;C:\Users\neha.tiwari\AppData\Roaming\npm;C:\Program Files\Salesforce CLI\bin;C:\Users\neha.tiwari\AppData\Local\Yarn\bin;C:\Users\neha.tiwari\Documents\Data\eclipse;
USERNAME=neha.tiwari
OS=Windows_NT
PROCESSOR_IDENTIFIER=Intel64 Family 6 Model 142 Stepping 11, GenuineIntel



---------------  S Y S T E M  ---------------

OS: Windows 10.0 , 64 bit Build 18362 (10.0.18362.329)

CPU:total 8 (initial active 8) (4 cores per cpu, 2 threads per core) family 6 model 142 stepping 11, cmov, cx8, fxsr, mmx, sse, sse2, sse3, ssse3, sse4.1, sse4.2, popcnt, avx, avx2, aes, clmul, erms, 3dnowpref, lzcnt, ht, tsc, tscinvbit, bmi1, bmi2, adx

Memory: 4k page, physical 16646668k(9502744k free), swap 28705292k(20181172k free)

vm_info: Java HotSpot(TM) Client VM (25.181-b13) for windows-x86 JRE (1.8.0_181-b13), built on Jul  7 2018 03:18:20 by "java_re" with MS VC++ 10.0 (VS2010)

time: Fri Apr 10 21:45:32 2020
elapsed time: 3091 seconds (0d 0h 51m 31s)

